Symlinking /home/emanuele/traversal_ws/devel/include/mpc/MpcLog.h
Symlinking /home/emanuele/traversal_ws/devel/lib/libmpc_controller.so
Symlinking /home/emanuele/traversal_ws/devel/lib/libmpc_wrapper.so
Symlinking /home/emanuele/traversal_ws/devel/lib/libmpc_solver.so
Symlinking /home/emanuele/traversal_ws/devel/lib/python3/dist-packages/mpc/__init__.py
Symlinking /home/emanuele/traversal_ws/devel/lib/python3/dist-packages/mpc/msg/_MpcLog.py
Symlinking /home/emanuele/traversal_ws/devel/lib/python3/dist-packages/mpc/msg/__init__.py
Symlinking /home/emanuele/traversal_ws/devel/lib/mpc/mpc_controller_node
Symlinking /home/emanuele/traversal_ws/devel/lib/pkgconfig/mpc.pc
Symlinking /home/emanuele/traversal_ws/devel/share/roseus/ros/mpc/manifest.l
Symlinking /home/emanuele/traversal_ws/devel/share/roseus/ros/mpc/msg/MpcLog.l
Symlinking /home/emanuele/traversal_ws/devel/share/common-lisp/ros/mpc/msg/mpc-msg.asd
Symlinking /home/emanuele/traversal_ws/devel/share/common-lisp/ros/mpc/msg/_package.lisp
Symlinking /home/emanuele/traversal_ws/devel/share/common-lisp/ros/mpc/msg/_package_MpcLog.lisp
Symlinking /home/emanuele/traversal_ws/devel/share/common-lisp/ros/mpc/msg/MpcLog.lisp
Symlinking /home/emanuele/traversal_ws/devel/share/mpc/cmake/mpcConfig.cmake
Symlinking /home/emanuele/traversal_ws/devel/share/mpc/cmake/mpc-msg-extras.cmake
Symlinking /home/emanuele/traversal_ws/devel/share/mpc/cmake/mpc-msg-paths.cmake
Symlinking /home/emanuele/traversal_ws/devel/share/mpc/cmake/mpcConfig-version.cmake
Symlinking /home/emanuele/traversal_ws/devel/share/gennodejs/ros/mpc/_index.js
Symlinking /home/emanuele/traversal_ws/devel/share/gennodejs/ros/mpc/msg/_index.js
Symlinking /home/emanuele/traversal_ws/devel/share/gennodejs/ros/mpc/msg/MpcLog.js
