Linked: (/home/emanuele/traversal_ws/devel/.private/mpc/include/mpc/MpcLog.h, /home/emanuele/traversal_ws/devel/include/mpc/MpcLog.h)
Linked: (/home/emanuele/traversal_ws/devel/.private/mpc/lib/libmpc_controller.so, /home/emanuele/traversal_ws/devel/lib/libmpc_controller.so)
Linked: (/home/emanuele/traversal_ws/devel/.private/mpc/lib/libmpc_wrapper.so, /home/emanuele/traversal_ws/devel/lib/libmpc_wrapper.so)
Linked: (/home/emanuele/traversal_ws/devel/.private/mpc/lib/libmpc_solver.so, /home/emanuele/traversal_ws/devel/lib/libmpc_solver.so)
Linked: (/home/emanuele/traversal_ws/devel/.private/mpc/lib/python3/dist-packages/mpc/__init__.py, /home/emanuele/traversal_ws/devel/lib/python3/dist-packages/mpc/__init__.py)
Linked: (/home/emanuele/traversal_ws/devel/.private/mpc/lib/python3/dist-packages/mpc/msg/_MpcLog.py, /home/emanuele/traversal_ws/devel/lib/python3/dist-packages/mpc/msg/_MpcLog.py)
Linked: (/home/emanuele/traversal_ws/devel/.private/mpc/lib/python3/dist-packages/mpc/msg/__init__.py, /home/emanuele/traversal_ws/devel/lib/python3/dist-packages/mpc/msg/__init__.py)
Linked: (/home/emanuele/traversal_ws/devel/.private/mpc/lib/mpc/mpc_controller_node, /home/emanuele/traversal_ws/devel/lib/mpc/mpc_controller_node)
Linked: (/home/emanuele/traversal_ws/devel/.private/mpc/lib/pkgconfig/mpc.pc, /home/emanuele/traversal_ws/devel/lib/pkgconfig/mpc.pc)
Linked: (/home/emanuele/traversal_ws/devel/.private/mpc/share/roseus/ros/mpc/manifest.l, /home/emanuele/traversal_ws/devel/share/roseus/ros/mpc/manifest.l)
Linked: (/home/emanuele/traversal_ws/devel/.private/mpc/share/roseus/ros/mpc/msg/MpcLog.l, /home/emanuele/traversal_ws/devel/share/roseus/ros/mpc/msg/MpcLog.l)
Linked: (/home/emanuele/traversal_ws/devel/.private/mpc/share/common-lisp/ros/mpc/msg/mpc-msg.asd, /home/emanuele/traversal_ws/devel/share/common-lisp/ros/mpc/msg/mpc-msg.asd)
Linked: (/home/emanuele/traversal_ws/devel/.private/mpc/share/common-lisp/ros/mpc/msg/_package.lisp, /home/emanuele/traversal_ws/devel/share/common-lisp/ros/mpc/msg/_package.lisp)
Linked: (/home/emanuele/traversal_ws/devel/.private/mpc/share/common-lisp/ros/mpc/msg/_package_MpcLog.lisp, /home/emanuele/traversal_ws/devel/share/common-lisp/ros/mpc/msg/_package_MpcLog.lisp)
Linked: (/home/emanuele/traversal_ws/devel/.private/mpc/share/common-lisp/ros/mpc/msg/MpcLog.lisp, /home/emanuele/traversal_ws/devel/share/common-lisp/ros/mpc/msg/MpcLog.lisp)
Linked: (/home/emanuele/traversal_ws/devel/.private/mpc/share/mpc/cmake/mpcConfig.cmake, /home/emanuele/traversal_ws/devel/share/mpc/cmake/mpcConfig.cmake)
Linked: (/home/emanuele/traversal_ws/devel/.private/mpc/share/mpc/cmake/mpc-msg-extras.cmake, /home/emanuele/traversal_ws/devel/share/mpc/cmake/mpc-msg-extras.cmake)
Linked: (/home/emanuele/traversal_ws/devel/.private/mpc/share/mpc/cmake/mpc-msg-paths.cmake, /home/emanuele/traversal_ws/devel/share/mpc/cmake/mpc-msg-paths.cmake)
Linked: (/home/emanuele/traversal_ws/devel/.private/mpc/share/mpc/cmake/mpcConfig-version.cmake, /home/emanuele/traversal_ws/devel/share/mpc/cmake/mpcConfig-version.cmake)
Linked: (/home/emanuele/traversal_ws/devel/.private/mpc/share/gennodejs/ros/mpc/_index.js, /home/emanuele/traversal_ws/devel/share/gennodejs/ros/mpc/_index.js)
Linked: (/home/emanuele/traversal_ws/devel/.private/mpc/share/gennodejs/ros/mpc/msg/_index.js, /home/emanuele/traversal_ws/devel/share/gennodejs/ros/mpc/msg/_index.js)
Linked: (/home/emanuele/traversal_ws/devel/.private/mpc/share/gennodejs/ros/mpc/msg/MpcLog.js, /home/emanuele/traversal_ws/devel/share/gennodejs/ros/mpc/msg/MpcLog.js)
