Linked: (/home/emanuele/traversal_ws/devel/.private/quadrotor_msgs/include/quadrotor_msgs/LowLevelFeedback.h, /home/emanuele/traversal_ws/devel/include/quadrotor_msgs/LowLevelFeedback.h)
Linked: (/home/emanuele/traversal_ws/devel/.private/quadrotor_msgs/include/quadrotor_msgs/Trajectory.h, /home/emanuele/traversal_ws/devel/include/quadrotor_msgs/Trajectory.h)
Linked: (/home/emanuele/traversal_ws/devel/.private/quadrotor_msgs/include/quadrotor_msgs/PID.h, /home/emanuele/traversal_ws/devel/include/quadrotor_msgs/PID.h)
Linked: (/home/emanuele/traversal_ws/devel/.private/quadrotor_msgs/include/quadrotor_msgs/ControlCommand.h, /home/emanuele/traversal_ws/devel/include/quadrotor_msgs/ControlCommand.h)
Linked: (/home/emanuele/traversal_ws/devel/.private/quadrotor_msgs/include/quadrotor_msgs/AutopilotFeedback.h, /home/emanuele/traversal_ws/devel/include/quadrotor_msgs/AutopilotFeedback.h)
Linked: (/home/emanuele/traversal_ws/devel/.private/quadrotor_msgs/include/quadrotor_msgs/TrajectoryPoint.h, /home/emanuele/traversal_ws/devel/include/quadrotor_msgs/TrajectoryPoint.h)
Linked: (/home/emanuele/traversal_ws/devel/.private/quadrotor_msgs/lib/python3/dist-packages/quadrotor_msgs/__init__.py, /home/emanuele/traversal_ws/devel/lib/python3/dist-packages/quadrotor_msgs/__init__.py)
Linked: (/home/emanuele/traversal_ws/devel/.private/quadrotor_msgs/lib/python3/dist-packages/quadrotor_msgs/msg/_AutopilotFeedback.py, /home/emanuele/traversal_ws/devel/lib/python3/dist-packages/quadrotor_msgs/msg/_AutopilotFeedback.py)
Linked: (/home/emanuele/traversal_ws/devel/.private/quadrotor_msgs/lib/python3/dist-packages/quadrotor_msgs/msg/_ControlCommand.py, /home/emanuele/traversal_ws/devel/lib/python3/dist-packages/quadrotor_msgs/msg/_ControlCommand.py)
Linked: (/home/emanuele/traversal_ws/devel/.private/quadrotor_msgs/lib/python3/dist-packages/quadrotor_msgs/msg/_Trajectory.py, /home/emanuele/traversal_ws/devel/lib/python3/dist-packages/quadrotor_msgs/msg/_Trajectory.py)
Linked: (/home/emanuele/traversal_ws/devel/.private/quadrotor_msgs/lib/python3/dist-packages/quadrotor_msgs/msg/_TrajectoryPoint.py, /home/emanuele/traversal_ws/devel/lib/python3/dist-packages/quadrotor_msgs/msg/_TrajectoryPoint.py)
Linked: (/home/emanuele/traversal_ws/devel/.private/quadrotor_msgs/lib/python3/dist-packages/quadrotor_msgs/msg/__init__.py, /home/emanuele/traversal_ws/devel/lib/python3/dist-packages/quadrotor_msgs/msg/__init__.py)
Linked: (/home/emanuele/traversal_ws/devel/.private/quadrotor_msgs/lib/python3/dist-packages/quadrotor_msgs/msg/_PID.py, /home/emanuele/traversal_ws/devel/lib/python3/dist-packages/quadrotor_msgs/msg/_PID.py)
Linked: (/home/emanuele/traversal_ws/devel/.private/quadrotor_msgs/lib/python3/dist-packages/quadrotor_msgs/msg/_LowLevelFeedback.py, /home/emanuele/traversal_ws/devel/lib/python3/dist-packages/quadrotor_msgs/msg/_LowLevelFeedback.py)
Linked: (/home/emanuele/traversal_ws/devel/.private/quadrotor_msgs/lib/pkgconfig/quadrotor_msgs.pc, /home/emanuele/traversal_ws/devel/lib/pkgconfig/quadrotor_msgs.pc)
Linked: (/home/emanuele/traversal_ws/devel/.private/quadrotor_msgs/share/roseus/ros/quadrotor_msgs/manifest.l, /home/emanuele/traversal_ws/devel/share/roseus/ros/quadrotor_msgs/manifest.l)
Linked: (/home/emanuele/traversal_ws/devel/.private/quadrotor_msgs/share/roseus/ros/quadrotor_msgs/msg/AutopilotFeedback.l, /home/emanuele/traversal_ws/devel/share/roseus/ros/quadrotor_msgs/msg/AutopilotFeedback.l)
Linked: (/home/emanuele/traversal_ws/devel/.private/quadrotor_msgs/share/roseus/ros/quadrotor_msgs/msg/ControlCommand.l, /home/emanuele/traversal_ws/devel/share/roseus/ros/quadrotor_msgs/msg/ControlCommand.l)
Linked: (/home/emanuele/traversal_ws/devel/.private/quadrotor_msgs/share/roseus/ros/quadrotor_msgs/msg/TrajectoryPoint.l, /home/emanuele/traversal_ws/devel/share/roseus/ros/quadrotor_msgs/msg/TrajectoryPoint.l)
Linked: (/home/emanuele/traversal_ws/devel/.private/quadrotor_msgs/share/roseus/ros/quadrotor_msgs/msg/PID.l, /home/emanuele/traversal_ws/devel/share/roseus/ros/quadrotor_msgs/msg/PID.l)
Linked: (/home/emanuele/traversal_ws/devel/.private/quadrotor_msgs/share/roseus/ros/quadrotor_msgs/msg/Trajectory.l, /home/emanuele/traversal_ws/devel/share/roseus/ros/quadrotor_msgs/msg/Trajectory.l)
Linked: (/home/emanuele/traversal_ws/devel/.private/quadrotor_msgs/share/roseus/ros/quadrotor_msgs/msg/LowLevelFeedback.l, /home/emanuele/traversal_ws/devel/share/roseus/ros/quadrotor_msgs/msg/LowLevelFeedback.l)
Linked: (/home/emanuele/traversal_ws/devel/.private/quadrotor_msgs/share/common-lisp/ros/quadrotor_msgs/msg/_package_ControlCommand.lisp, /home/emanuele/traversal_ws/devel/share/common-lisp/ros/quadrotor_msgs/msg/_package_ControlCommand.lisp)
Linked: (/home/emanuele/traversal_ws/devel/.private/quadrotor_msgs/share/common-lisp/ros/quadrotor_msgs/msg/ControlCommand.lisp, /home/emanuele/traversal_ws/devel/share/common-lisp/ros/quadrotor_msgs/msg/ControlCommand.lisp)
Linked: (/home/emanuele/traversal_ws/devel/.private/quadrotor_msgs/share/common-lisp/ros/quadrotor_msgs/msg/AutopilotFeedback.lisp, /home/emanuele/traversal_ws/devel/share/common-lisp/ros/quadrotor_msgs/msg/AutopilotFeedback.lisp)
Linked: (/home/emanuele/traversal_ws/devel/.private/quadrotor_msgs/share/common-lisp/ros/quadrotor_msgs/msg/quadrotor_msgs-msg.asd, /home/emanuele/traversal_ws/devel/share/common-lisp/ros/quadrotor_msgs/msg/quadrotor_msgs-msg.asd)
Linked: (/home/emanuele/traversal_ws/devel/.private/quadrotor_msgs/share/common-lisp/ros/quadrotor_msgs/msg/_package_AutopilotFeedback.lisp, /home/emanuele/traversal_ws/devel/share/common-lisp/ros/quadrotor_msgs/msg/_package_AutopilotFeedback.lisp)
Linked: (/home/emanuele/traversal_ws/devel/.private/quadrotor_msgs/share/common-lisp/ros/quadrotor_msgs/msg/_package.lisp, /home/emanuele/traversal_ws/devel/share/common-lisp/ros/quadrotor_msgs/msg/_package.lisp)
Linked: (/home/emanuele/traversal_ws/devel/.private/quadrotor_msgs/share/common-lisp/ros/quadrotor_msgs/msg/_package_PID.lisp, /home/emanuele/traversal_ws/devel/share/common-lisp/ros/quadrotor_msgs/msg/_package_PID.lisp)
Linked: (/home/emanuele/traversal_ws/devel/.private/quadrotor_msgs/share/common-lisp/ros/quadrotor_msgs/msg/Trajectory.lisp, /home/emanuele/traversal_ws/devel/share/common-lisp/ros/quadrotor_msgs/msg/Trajectory.lisp)
Linked: (/home/emanuele/traversal_ws/devel/.private/quadrotor_msgs/share/common-lisp/ros/quadrotor_msgs/msg/PID.lisp, /home/emanuele/traversal_ws/devel/share/common-lisp/ros/quadrotor_msgs/msg/PID.lisp)
Linked: (/home/emanuele/traversal_ws/devel/.private/quadrotor_msgs/share/common-lisp/ros/quadrotor_msgs/msg/LowLevelFeedback.lisp, /home/emanuele/traversal_ws/devel/share/common-lisp/ros/quadrotor_msgs/msg/LowLevelFeedback.lisp)
Linked: (/home/emanuele/traversal_ws/devel/.private/quadrotor_msgs/share/common-lisp/ros/quadrotor_msgs/msg/TrajectoryPoint.lisp, /home/emanuele/traversal_ws/devel/share/common-lisp/ros/quadrotor_msgs/msg/TrajectoryPoint.lisp)
Linked: (/home/emanuele/traversal_ws/devel/.private/quadrotor_msgs/share/common-lisp/ros/quadrotor_msgs/msg/_package_Trajectory.lisp, /home/emanuele/traversal_ws/devel/share/common-lisp/ros/quadrotor_msgs/msg/_package_Trajectory.lisp)
Linked: (/home/emanuele/traversal_ws/devel/.private/quadrotor_msgs/share/common-lisp/ros/quadrotor_msgs/msg/_package_TrajectoryPoint.lisp, /home/emanuele/traversal_ws/devel/share/common-lisp/ros/quadrotor_msgs/msg/_package_TrajectoryPoint.lisp)
Linked: (/home/emanuele/traversal_ws/devel/.private/quadrotor_msgs/share/common-lisp/ros/quadrotor_msgs/msg/_package_LowLevelFeedback.lisp, /home/emanuele/traversal_ws/devel/share/common-lisp/ros/quadrotor_msgs/msg/_package_LowLevelFeedback.lisp)
Linked: (/home/emanuele/traversal_ws/devel/.private/quadrotor_msgs/share/gennodejs/ros/quadrotor_msgs/_index.js, /home/emanuele/traversal_ws/devel/share/gennodejs/ros/quadrotor_msgs/_index.js)
Linked: (/home/emanuele/traversal_ws/devel/.private/quadrotor_msgs/share/gennodejs/ros/quadrotor_msgs/msg/AutopilotFeedback.js, /home/emanuele/traversal_ws/devel/share/gennodejs/ros/quadrotor_msgs/msg/AutopilotFeedback.js)
Linked: (/home/emanuele/traversal_ws/devel/.private/quadrotor_msgs/share/gennodejs/ros/quadrotor_msgs/msg/_index.js, /home/emanuele/traversal_ws/devel/share/gennodejs/ros/quadrotor_msgs/msg/_index.js)
Linked: (/home/emanuele/traversal_ws/devel/.private/quadrotor_msgs/share/gennodejs/ros/quadrotor_msgs/msg/ControlCommand.js, /home/emanuele/traversal_ws/devel/share/gennodejs/ros/quadrotor_msgs/msg/ControlCommand.js)
Linked: (/home/emanuele/traversal_ws/devel/.private/quadrotor_msgs/share/gennodejs/ros/quadrotor_msgs/msg/Trajectory.js, /home/emanuele/traversal_ws/devel/share/gennodejs/ros/quadrotor_msgs/msg/Trajectory.js)
Linked: (/home/emanuele/traversal_ws/devel/.private/quadrotor_msgs/share/gennodejs/ros/quadrotor_msgs/msg/PID.js, /home/emanuele/traversal_ws/devel/share/gennodejs/ros/quadrotor_msgs/msg/PID.js)
Linked: (/home/emanuele/traversal_ws/devel/.private/quadrotor_msgs/share/gennodejs/ros/quadrotor_msgs/msg/LowLevelFeedback.js, /home/emanuele/traversal_ws/devel/share/gennodejs/ros/quadrotor_msgs/msg/LowLevelFeedback.js)
Linked: (/home/emanuele/traversal_ws/devel/.private/quadrotor_msgs/share/gennodejs/ros/quadrotor_msgs/msg/TrajectoryPoint.js, /home/emanuele/traversal_ws/devel/share/gennodejs/ros/quadrotor_msgs/msg/TrajectoryPoint.js)
Linked: (/home/emanuele/traversal_ws/devel/.private/quadrotor_msgs/share/quadrotor_msgs/cmake/quadrotor_msgsConfig-version.cmake, /home/emanuele/traversal_ws/devel/share/quadrotor_msgs/cmake/quadrotor_msgsConfig-version.cmake)
Linked: (/home/emanuele/traversal_ws/devel/.private/quadrotor_msgs/share/quadrotor_msgs/cmake/quadrotor_msgsConfig.cmake, /home/emanuele/traversal_ws/devel/share/quadrotor_msgs/cmake/quadrotor_msgsConfig.cmake)
Linked: (/home/emanuele/traversal_ws/devel/.private/quadrotor_msgs/share/quadrotor_msgs/cmake/quadrotor_msgs-msg-paths.cmake, /home/emanuele/traversal_ws/devel/share/quadrotor_msgs/cmake/quadrotor_msgs-msg-paths.cmake)
Linked: (/home/emanuele/traversal_ws/devel/.private/quadrotor_msgs/share/quadrotor_msgs/cmake/quadrotor_msgs-msg-extras.cmake, /home/emanuele/traversal_ws/devel/share/quadrotor_msgs/cmake/quadrotor_msgs-msg-extras.cmake)
